<?xml version="1.0" encoding="UTF-8"?>
<!-- Generated by org.testng.reporters.JUnitXMLReporter -->
<testsuite hostname="Manoj" ignored="0" name="Test" tests="2" failures="2" timestamp="21 Feb 2020 16:27:47 GMT" time="0.129" errors="0">
  <testcase name="test1" time="0.033" classname="tests.selenium.TestnG">
    <failure type="java.lang.AssertionError" message="The following asserts failed:
	expected [demoforHardAssertion] but found [demoforHardAssertions]">
      <![CDATA[java.lang.AssertionError: The following asserts failed:
expected [demoforHardAssertion] but found [demoforHardAssertions]
at tests.selenium.TestnG.test1(TestnG.java:13)
... Removed 26 stack frames]]>
    </failure>
  </testcase> <!-- test1 -->
  <testcase name="test2" time="0.002" classname="tests.selenium.TestnG">
    <failure type="java.lang.AssertionError" message="The following asserts failed:
	expected [demoforHardAssertion] but found [demoforHardAssertions]">
      <![CDATA[java.lang.AssertionError: The following asserts failed:
expected [demoforHardAssertion] but found [demoforHardAssertions]
at tests.selenium.TestnG.test2(TestnG.java:20)
... Removed 26 stack frames]]>
    </failure>
  </testcase> <!-- test2 -->
</testsuite> <!-- Test -->
